<?xml version="1.0" encoding="UTF-8"?>
<!-- Generated by org.testng.reporters.JUnitXMLReporter -->
<testsuite ignored="0" hostname="DESKTOP-7G0THSI" failures="0" tests="4" name="Test" time="0.125" errors="0" timestamp="2023-04-06T13:27:09 IST">
  <testcase classname="module1.test01" name="add" time="0.014"/>
  <testcase classname="module1.test01" name="add1" time="0.003"/>
  <testcase classname="module1.test02" name="sub" time="0.003"/>
  <testcase classname="module1.test02" name="sub1" time="0.002"/>
</testsuite> <!-- Test -->
