<?xml version="1.0" encoding="UTF-8"?>
<!-- Generated by org.testng.reporters.JUnitXMLReporter -->
<testsuite ignored="2" hostname="DESKTOP-7G0THSI" failures="0" tests="2" name="Test" time="0.07" errors="0" timestamp="2023-03-31T17:28:45 IST">
  <testcase classname="module1.test01" name="add" time="0.009"/>
  <testcase classname="module1.test02" name="sub1" time="0.001"/>
  <testcase classname="module1.test01" name="add1" time="0.0">
    <ignored/>
  </testcase> <!-- add1 -->
  <testcase classname="module1.test02" name="sub" time="0.0">
    <ignored/>
  </testcase> <!-- sub -->
</testsuite> <!-- Test -->
