<?xml version="1.0" encoding="UTF-8"?>
<testng-results ignored="2" total="4" passed="2" failed="0" skipped="0">
  <reporter-output>
  </reporter-output>
  <suite started-at="2023-03-31T17:28:45 IST" name="Suite" finished-at="2023-03-31T17:28:45 IST" duration-ms="70">
    <groups>
      <group name="smoke">
        <method signature="test01.add()[pri:0, instance:module1.test01@48974e45]" name="add" class="module1.test01"/>
        <method signature="test02.sub1()[pri:0, instance:module1.test02@2053d869]" name="sub1" class="module1.test02"/>
      </group> <!-- smoke -->
    </groups>
    <test started-at="2023-03-31T17:28:45 IST" name="Test" finished-at="2023-03-31T17:28:45 IST" duration-ms="70">
      <class name="module1.test01">
        <test-method signature="add()[pri:0, instance:module1.test01@48974e45]" started-at="2023-03-31T17:28:45 IST" name="add" finished-at="2023-03-31T17:28:45 IST" duration-ms="9" status="PASS">
          <reporter-output>
          </reporter-output>
        </test-method> <!-- add -->
      </class> <!-- module1.test01 -->
      <class name="module1.test02">
        <test-method signature="sub1()[pri:0, instance:module1.test02@2053d869]" started-at="2023-03-31T17:28:45 IST" name="sub1" finished-at="2023-03-31T17:28:45 IST" duration-ms="1" status="PASS">
          <reporter-output>
          </reporter-output>
        </test-method> <!-- sub1 -->
      </class> <!-- module1.test02 -->
    </test> <!-- Test -->
  </suite> <!-- Suite -->
</testng-results>
